[00:04:50] [Server thread/INFO]: blackbullet422 has made the advancement [Isn't It Iron Pick]
[00:11:07] [Server thread/INFO]: blackbullet422 was shot by Skeleton
[00:14:56] [Server thread/WARN]: blackbullet422 moved too quickly! -9.78338740221497,0.17675927506424216,2.3647861442840075
[00:14:58] [Server thread/INFO]: blackbullet422 was slain by Enderman
[00:15:13] [Server thread/WARN]: blackbullet422 moved too quickly! 2.8061025594083926,-5.768476202412984,-8.010603453100558
[00:18:46] [Server thread/WARN]: blackbullet422 moved too quickly! 9.557164209669263,-3.0,-0.8964372811353343
[00:20:28] [Server thread/WARN]: blackbullet422 moved too quickly! 6.137611900360273,2.0,9.62369006061489
[00:20:41] [Server thread/WARN]: blackbullet422 moved too quickly! -4.8693981204049095,-1.0,-8.795435492755821
[00:21:16] [Server thread/WARN]: Orangedino64 moved too quickly! -9.979512350537284,-0.7694726310870372,0.1623681938877155
[00:21:34] [Server thread/WARN]: Orangedino64 moved too quickly! -0.3895091265039241,0.0,-10.228147828418315
[00:22:10] [Server thread/WARN]: blackbullet422 moved too quickly! -4.494170861889227,4.252203340253722,7.905658247548004
[00:25:30] [Server thread/WARN]: Orangedino64 moved too quickly! -8.806476104100447,-2.0,4.395307624092027
[00:27:40] [Server thread/WARN]: blackbullet422 moved too quickly! 4.828049498389717,4.0,11.076936893962781
[00:30:22] [Server thread/WARN]: blackbullet422 moved too quickly! 9.018319897806034,3.5463680547541827,2.5578129089188906
[00:35:04] [Server thread/INFO]: Orangedino64 burned to death
[00:35:45] [Server thread/INFO]: Orangedino64 drowned whilst trying to escape blackbullet422
[00:39:00] [Server thread/INFO]: blackbullet422 lost connection: Disconnected
[00:39:00] [Server thread/INFO]: blackbullet422 left the game
[00:39:03] [Server thread/INFO]: Orangedino64 lost connection: Disconnected
[00:39:03] [Server thread/INFO]: Orangedino64 left the game
[01:27:04] [User Authenticator #12/INFO]: UUID of player Diffff is 01932f5b-8512-4f56-adc1-c17e1bd651e2
[01:27:04] [Server thread/INFO]: Diffff[/68.11.175.75:57077] logged in with entity id 48278 at ([world]-34.78057896556875, 64.0, 20.721188546325664)
[01:31:17] [User Authenticator #13/INFO]: UUID of player blackbullet422 is ea8cf251-92d9-4354-b127-627a946bab04
[01:31:18] [Server thread/INFO]: blackbullet422[/24.252.71.136:56768] logged in with entity id 48728 at ([world]-2.5, 68.0, -39.5)
[01:33:48] [Server thread/WARN]: blackbullet422 moved too quickly! -1.2641590709020534,0.0,-10.088402284005134
[01:40:55] [Server thread/WARN]: blackbullet422 moved too quickly! -5.8353443678746135,0.0,8.169825671066278
[01:41:10] [Server thread/WARN]: blackbullet422 moved too quickly! -10.186246564390927,0.0,0.5234329374687903
[01:41:36] [User Authenticator #14/INFO]: UUID of player braadd is feccda60-9732-4c26-8c48-04e08a448eb0
[01:41:36] [Server thread/INFO]: braadd[/24.252.71.136:52274] logged in with entity id 49928 at ([world]-21.5, 67.0, -24.5)
[01:42:00] [Server thread/WARN]: braadd moved too quickly! -4.886486342694804,-6.054623462962887,8.61308651086998
[01:43:46] [Server thread/WARN]: braadd moved wrongly!
[01:43:55] [Server thread/INFO]: braadd lost connection: Disconnected
[01:43:56] [Server thread/INFO]: braadd left the game
[01:44:12] [User Authenticator #15/INFO]: UUID of player braadd is feccda60-9732-4c26-8c48-04e08a448eb0
[01:44:12] [Server thread/INFO]: braadd[/24.252.71.136:52296] logged in with entity id 50233 at ([world]-3.4877664110488222, 68.0, -33.0567471606489)
[01:44:28] [Server thread/INFO]: Diffff has made the advancement [Acquire Hardware]
[01:45:14] [Server thread/WARN]: braadd moved too quickly! 7.6358309448934865,0.0,6.720473944992563
[01:45:46] [Server thread/INFO]: braadd has made the advancement [Stone Age]
[01:46:27] [Server thread/INFO]: braadd has made the advancement [Getting an Upgrade]
[01:52:03] [Server thread/WARN]: Diffff moved too quickly! 8.439075086705238,-5.464159374955443,-0.9835313683090856
[01:53:36] [Server thread/WARN]: braadd moved too quickly! 5.295346504719788,-5.2173593554766455,-6.82021815409081
[01:54:45] [Server thread/WARN]: blackbullet422 moved too quickly! -10.02945741303618,0.0,0.7018611038232621
[01:56:43] [Server thread/WARN]: braadd moved too quickly! 9.148864734705825,-1.2247629905309907,3.9052828921933838
[01:57:04] [Server thread/INFO]: braadd was shot by Skeleton
[01:57:22] [Server thread/INFO]: braadd lost connection: Disconnected
[01:57:22] [Server thread/INFO]: braadd left the game
[01:58:28] [User Authenticator #16/INFO]: UUID of player Orangedino64 is 49563a90-d5af-48f9-bd7a-439252e5b2c7
[01:58:28] [Server thread/INFO]: Orangedino64[/68.11.175.75:57435] logged in with entity id 53338 at ([world]0.5, 68.0, -39.5)
[01:58:30] [Server thread/INFO]: blackbullet422 was slain by Wolf
[02:01:52] [Server thread/WARN]: blackbullet422 moved too quickly! 2.3516669026767714,1.252203340253729,-9.694905716293398
[02:02:43] [Server thread/WARN]: Diffff moved too quickly! 2.583369037277678,-4.227779252040037,15.076729358564766
[02:02:43] [Server thread/WARN]: Orangedino64 moved too quickly! 0.32079120964501673,0.0,10.133536112430804
[02:02:49] [Server thread/WARN]: Diffff moved too quickly! -6.679425709671445,0.0,8.006454292575064
[02:04:18] [Server thread/WARN]: blackbullet422 moved too quickly! -4.0580883312269975,-1.0,9.146556357220547
[02:08:18] [Server thread/WARN]: Diffff moved too quickly! 7.119069052554799,3.3331999936342243,8.876268744948106
[02:09:37] [Server thread/WARN]: Orangedino64 moved too quickly! 10.727685580767456,1.0013359791121488,0.34687012792352334
[02:10:16] [Server thread/WARN]: Diffff moved too quickly! 4.1117198272726085,3.7964663628403272,-8.576037092107313
[02:11:43] [Server thread/WARN]: Orangedino64 moved too quickly! -8.294092139887084,-0.811523810700038,-9.026634500261423
[02:15:05] [Server thread/WARN]: Orangedino64 moved too quickly! 7.684227362221463,-1.431523845270732,-14.713645907513751
[02:16:45] [Server thread/WARN]: Diffff moved too quickly! -9.954880895467944,1.1767592750642422,6.811659907157303
[02:20:00] [Server thread/INFO]: Diffff has made the advancement [A Seedy Place]
[02:20:18] [Server thread/WARN]: Orangedino64 moved too quickly! 9.741997865087583,1.0,2.95070529188024
[02:34:20] [Server thread/WARN]: Orangedino64 moved too quickly! 5.551406873948185,5.604424101326714,-6.389983732534282
[02:47:20] [Server thread/WARN]: Orangedino64 moved too quickly! 1.1324722681612158,-0.060159102878685644,-10.576462071442009
[02:55:07] [Server thread/WARN]: Diffff moved too quickly! -8.379088045359893,0.17675927506424216,9.26212304709784
[02:55:07] [User Authenticator #17/INFO]: UUID of player braadd is feccda60-9732-4c26-8c48-04e08a448eb0
[02:55:08] [Server thread/INFO]: braadd[/24.252.71.136:53873] logged in with entity id 62985 at ([world]-6.564108494827427, 69.0, -36.24429642525798)
[02:55:12] [Server thread/INFO]: Diffff has made the advancement [Not Today, Thank You]
[02:55:27] [Server thread/INFO]: Orangedino64 issued server command: /
[02:56:33] [Server thread/INFO]: braadd has made the advancement [Acquire Hardware]
[02:56:33] [Server thread/INFO]: braadd has made the advancement [Isn't It Iron Pick]
[02:56:33] [Server thread/INFO]: braadd has made the advancement [Suit Up]
[03:00:09] [Server thread/WARN]: Orangedino64 moved too quickly! -0.8367516526009471,0.7531999805212024,-10.582309667627037
[03:01:06] [Server thread/INFO]: braadd has made the advancement [Monster Hunter]
[03:01:28] [Server thread/WARN]: blackbullet422 moved too quickly! -9.19185551975659,2.0,3.448058521446317
[03:06:12] [Server thread/INFO]: braadd lost connection: Disconnected
[03:06:12] [Server thread/INFO]: braadd left the game
[03:07:31] [Server thread/WARN]: Orangedino64 moved too quickly! -0.6178200872960105,1.7531999805212024,-9.982539654017955
[03:08:09] [Server thread/WARN]: Orangedino64 moved too quickly! -8.979537901092495,0.0,-5.988922385247925
[03:09:39] [Server thread/WARN]: blackbullet422 moved too quickly! -8.361474718312309,-1.0,6.340016321020819
[03:10:04] [Server thread/WARN]: Diffff moved too quickly! 8.269343345803648,3.9986640208878583,-4.029373508825799
[03:10:20] [Server thread/WARN]: Diffff moved too quickly! 5.18079838019225,-3.753986201738755,-7.78248607871054
[03:10:36] [Server thread/WARN]: blackbullet422 moved too quickly! 5.494706700890852,0.0,-8.564523133699236
[03:15:03] [Server thread/WARN]: Diffff moved too quickly! -11.088161155270683,2.0,-3.6774933338684406
[03:16:19] [Server thread/WARN]: Orangedino64 moved too quickly! 2.1794205797914845,0.49520087700592796,12.934494399090106
[03:17:05] [Server thread/WARN]: Orangedino64 was kicked for floating too long!
[03:17:06] [Server thread/INFO]: Orangedino64 lost connection: Flying is not enabled on this server
[03:17:06] [Server thread/INFO]: Orangedino64 left the game
[03:17:22] [User Authenticator #18/INFO]: UUID of player Orangedino64 is 49563a90-d5af-48f9-bd7a-439252e5b2c7
[03:17:22] [Server thread/INFO]: Orangedino64[/68.11.175.75:57738] logged in with entity id 67286 at ([world]-9.699578738654177, 67.67048687515783, -34.489832636270904)
[03:32:45] [Server thread/WARN]: Orangedino64 moved too quickly! -6.516650298078707,0.0,-9.83521023649151
[03:44:14] [Server thread/WARN]: Orangedino64 moved too quickly! -10.834282131353158,1.0013359791121417,4.346619534629166
[03:54:10] [Server thread/WARN]: Orangedino64 moved too quickly! 10.657774301592326,-0.3003031579349198,-3.4455317788034723
[04:07:27] [Server thread/WARN]: Orangedino64 moved too quickly! 11.089825483437856,1.1661092609382138,-2.228329743131397
[04:08:02] [Server thread/INFO]: blackbullet422 lost connection: Disconnected
[04:08:02] [Server thread/INFO]: blackbullet422 left the game
[04:11:00] [Server thread/INFO]: Diffff fell from a high place
[04:11:33] [User Authenticator #19/INFO]: UUID of player blackbullet422 is ea8cf251-92d9-4354-b127-627a946bab04
[04:11:33] [Server thread/INFO]: blackbullet422[/192.168.0.107:57943] logged in with entity id 74899 at ([world]-24.27241842857739, 63.0, 17.413913515448712)
[04:15:03] [Server thread/WARN]: Diffff moved too quickly! -3.070122735316829,1.7531999805212024,10.78442331177996
[04:16:55] [Server thread/WARN]: Orangedino64 moved too quickly! -9.778073495076686,-0.49520087700592796,8.750815788204523
[04:17:03] [Server thread/WARN]: Orangedino64 moved too quickly! -0.06900620712424299,4.0,-9.210850085900912
[04:18:18] [Server thread/INFO]: Diffff hit the ground too hard
[04:19:54] [Server thread/INFO]: blackbullet422 was shot by Skeleton
[04:20:19] [Server thread/INFO]: Diffff lost connection: Disconnected
[04:20:19] [Server thread/INFO]: Diffff left the game
[04:22:13] [Server thread/WARN]: Orangedino64 moved too quickly! 1.5230262019436793,-1.1661092609382138,-9.932377925396239
[04:22:14] [Server thread/INFO]: blackbullet422 was slain by Spider
[04:23:02] [Server thread/WARN]: blackbullet422 moved too quickly! -3.2571975533406885,-1.0,-9.44385229741296
[04:24:03] [Server thread/INFO]: Orangedino64 lost connection: Disconnected
[04:24:03] [Server thread/INFO]: Orangedino64 left the game
[04:24:09] [Server thread/INFO]: blackbullet422 lost connection: Disconnected
[04:24:09] [Server thread/INFO]: blackbullet422 left the game
